reading `/ds/rui/workspace/Gadget_output/Rui_twotypes-mnu003-xi010/m020-xi000/123456/snapshot_009' ...
allocating memory...
allocating memory...done
pc_new = 2097153
id 1 mass 32.683975 vel1 118.275421 vel 2 509.386292 vel3 643.238342
id 2097153 mass 0.000000 vel1 0.000000 vel 2 0.000000 vel3 0.000000
id 2 mass 32.683975 vel1 111.500420 vel 2 534.914734 vel3 590.316101
id 2097154 mass 0.000000 vel1 0.000000 vel 2 0.000000 vel3 0.000000
id 3 mass 32.683975 vel1 -341.039062 vel 2 517.375183 vel3 347.454468
id 2097155 mass 0.000000 vel1 0.000000 vel 2 0.000000 vel3 0.000000
id 4 mass 32.683975 vel1 11.301329 vel 2 -55.803429 vel3 563.735901
id 2097156 mass 0.000000 vel1 0.000000 vel 2 0.000000 vel3 0.000000
id 5 mass 32.683975 vel1 489.151672 vel 2 262.390930 vel3 571.920776
id 2097157 mass 0.000000 vel1 0.000000 vel 2 0.000000 vel3 0.000000
id 6 mass 32.683975 vel1 -294.201538 vel 2 427.930298 vel3 407.216125
id 2097158 mass 0.000000 vel1 0.000000 vel 2 0.000000 vel3 0.000000
id 7 mass 32.683975 vel1 -182.869980 vel 2 500.217072 vel3 725.714966
id 2097159 mass 0.000000 vel1 0.000000 vel 2 0.000000 vel3 0.000000
id 8 mass 32.683975 vel1 -237.888229 vel 2 489.312347 vel3 606.823975
id 2097160 mass 0.000000 vel1 0.000000 vel 2 0.000000 vel3 0.000000
id 9 mass 32.683975 vel1 -336.999878 vel 2 471.932678 vel3 183.112854
id 2097161 mass 0.000000 vel1 0.000000 vel 2 0.000000 vel3 0.000000
id 10 mass 32.683975 vel1 -271.134369 vel 2 445.700043 vel3 421.842590
id 2097162 mass 0.000000 vel1 0.000000 vel 2 0.000000 vel3 0.000000
id 11 mass 32.683975 vel1 -318.617279 vel 2 468.322418 vel3 385.755524
id 2097163 mass 0.000000 vel1 0.000000 vel 2 0.000000 vel3 0.000000
id 12 mass 32.683975 vel1 -86.036209 vel 2 554.373840 vel3 666.409363
id 2097164 mass 0.000000 vel1 0.000000 vel 2 0.000000 vel3 0.000000
id 13 mass 32.683975 vel1 -92.439789 vel 2 586.666870 vel3 681.536499
id 2097165 mass 0.000000 vel1 0.000000 vel 2 0.000000 vel3 0.000000
id 14 mass 32.683975 vel1 -207.515289 vel 2 393.737152 vel3 201.132431
id 2097166 mass 0.000000 vel1 0.000000 vel 2 0.000000 vel3 0.000000
id 15 mass 32.683975 vel1 -141.073334 vel 2 377.524628 vel3 450.152924
id 2097167 mass 0.000000 vel1 0.000000 vel 2 0.000000 vel3 0.000000
id 16 mass 32.683975 vel1 -61.393906 vel 2 396.583344 vel3 499.710419
id 2097168 mass 0.000000 vel1 0.000000 vel 2 0.000000 vel3 0.000000
id 17 mass 32.683975 vel1 -102.922386 vel 2 534.132751 vel3 436.253815
id 2097169 mass 0.000000 vel1 0.000000 vel 2 0.000000 vel3 0.000000
id 18 mass 32.683975 vel1 -150.197769 vel 2 323.575897 vel3 256.727692
id 2097170 mass 0.000000 vel1 0.000000 vel 2 0.000000 vel3 0.000000
id 19 mass 32.683975 vel1 -142.129944 vel 2 409.488800 vel3 434.304352
id 2097171 mass 0.000000 vel1 0.000000 vel 2 0.000000 vel3 0.000000
particle number is 2097152 mass[1] = 32.683975 hubbleparam = 0.683800
Separating the simulation box into 128 grids...
reordering....
done.
space for particle ID freed
kbinsmin = 0.053619 kbinsmax = 2.334321
boxunitlength = 1562.500000
checkpoint4
mass = 32.683975 average value = 31.929745
mass2 = 32.683975 average value = 31.929745
look here
CLOCKS_PER_SEC = 1000000
duration = 247.000000
reading `/ds/rui/workspace/Gadget_output/Rui_twotypes-mnu003-xi010/m040-xi000/123456/snapshot_009' ...
allocating memory...
allocating memory...done
pc_new = 2097153
id 1 mass 33.293941 vel1 132.245895 vel 2 552.239319 vel3 586.515198
id 2097153 mass 0.000000 vel1 0.000000 vel 2 0.000000 vel3 0.000000
id 2 mass 33.293941 vel1 84.885414 vel 2 564.762573 vel3 542.180237
id 2097154 mass 0.000000 vel1 0.000000 vel 2 0.000000 vel3 0.000000
id 3 mass 33.293941 vel1 -303.287445 vel 2 465.679962 vel3 463.517151
id 2097155 mass 0.000000 vel1 0.000000 vel 2 0.000000 vel3 0.000000
id 4 mass 33.293941 vel1 -302.452820 vel 2 438.126404 vel3 274.389038
id 2097156 mass 0.000000 vel1 0.000000 vel 2 0.000000 vel3 0.000000
id 5 mass 33.293941 vel1 -206.401169 vel 2 549.736633 vel3 632.911865
id 2097157 mass 0.000000 vel1 0.000000 vel 2 0.000000 vel3 0.000000
id 6 mass 33.293941 vel1 -204.917099 vel 2 568.035034 vel3 596.869629
id 2097158 mass 0.000000 vel1 0.000000 vel 2 0.000000 vel3 0.000000
id 7 mass 33.293941 vel1 131.286972 vel 2 -350.172241 vel3 417.725922
id 2097159 mass 0.000000 vel1 0.000000 vel 2 0.000000 vel3 0.000000
id 8 mass 33.293941 vel1 127.981247 vel 2 -391.558533 vel3 346.118103
id 2097160 mass 0.000000 vel1 0.000000 vel 2 0.000000 vel3 0.000000
id 9 mass 33.293941 vel1 101.562225 vel 2 -163.241943 vel3 386.019897
id 2097161 mass 0.000000 vel1 0.000000 vel 2 0.000000 vel3 0.000000
id 10 mass 33.293941 vel1 302.495026 vel 2 261.989746 vel3 1091.898560
id 2097162 mass 0.000000 vel1 0.000000 vel 2 0.000000 vel3 0.000000
id 11 mass 33.293941 vel1 623.770996 vel 2 208.638382 vel3 626.576660
id 2097163 mass 0.000000 vel1 0.000000 vel 2 0.000000 vel3 0.000000
id 12 mass 33.293941 vel1 -228.055161 vel 2 402.792755 vel3 364.850983
id 2097164 mass 0.000000 vel1 0.000000 vel 2 0.000000 vel3 0.000000
id 13 mass 33.293941 vel1 -247.714493 vel 2 447.219604 vel3 317.545135
id 2097165 mass 0.000000 vel1 0.000000 vel 2 0.000000 vel3 0.000000
id 14 mass 33.293941 vel1 -195.612900 vel 2 498.800629 vel3 566.408325
id 2097166 mass 0.000000 vel1 0.000000 vel 2 0.000000 vel3 0.000000
id 15 mass 33.293941 vel1 -114.840340 vel 2 457.998932 vel3 660.317871
id 2097167 mass 0.000000 vel1 0.000000 vel 2 0.000000 vel3 0.000000
id 16 mass 33.293941 vel1 -59.588898 vel 2 505.582977 vel3 582.301086
id 2097168 mass 0.000000 vel1 0.000000 vel 2 0.000000 vel3 0.000000
id 17 mass 33.293941 vel1 -209.760391 vel 2 396.913483 vel3 367.883667
id 2097169 mass 0.000000 vel1 0.000000 vel 2 0.000000 vel3 0.000000
id 18 mass 33.293941 vel1 -270.534363 vel 2 432.936249 vel3 147.741943
id 2097170 mass 0.000000 vel1 0.000000 vel 2 0.000000 vel3 0.000000
id 19 mass 33.293941 vel1 -47.737411 vel 2 548.245056 vel3 642.464294
id 2097171 mass 0.000000 vel1 0.000000 vel 2 0.000000 vel3 0.000000
particle number is 2097152 mass[1] = 33.293941 hubbleparam = 0.683300
Separating the simulation box into 128 grids...
reordering....
done.
space for particle ID freed
kbinsmin = 0.053619 kbinsmax = 2.334321
boxunitlength = 1562.500000
checkpoint4
mass = 33.293941 average value = 32.525635
mass2 = 33.293941 average value = 32.525635
look here
CLOCKS_PER_SEC = 1000000
duration = 247.000000
reading `/ds/rui/workspace/Gadget_output/Rui_twotypes-mnu003-xi010/m060-xi000/123456/snapshot_009' ...
allocating memory...
allocating memory...done
pc_new = 2097153
id 1 mass 33.499031 vel1 125.327744 vel 2 525.257996 vel3 549.660706
id 2097153 mass 0.000000 vel1 0.000000 vel 2 0.000000 vel3 0.000000
id 2 mass 33.499031 vel1 81.627075 vel 2 537.130920 vel3 505.039276
id 2097154 mass 0.000000 vel1 0.000000 vel 2 0.000000 vel3 0.000000
id 3 mass 33.499031 vel1 -288.799011 vel 2 395.752380 vel3 426.950653
id 2097155 mass 0.000000 vel1 0.000000 vel 2 0.000000 vel3 0.000000
id 4 mass 33.499031 vel1 -233.751953 vel 2 357.542816 vel3 414.268463
id 2097156 mass 0.000000 vel1 0.000000 vel 2 0.000000 vel3 0.000000
id 5 mass 33.499031 vel1 -168.014908 vel 2 557.710266 vel3 428.550385
id 2097157 mass 0.000000 vel1 0.000000 vel 2 0.000000 vel3 0.000000
id 6 mass 33.499031 vel1 -266.200958 vel 2 382.248749 vel3 219.060150
id 2097158 mass 0.000000 vel1 0.000000 vel 2 0.000000 vel3 0.000000
id 7 mass 33.499031 vel1 -137.973160 vel 2 505.933502 vel3 553.640747
id 2097159 mass 0.000000 vel1 0.000000 vel 2 0.000000 vel3 0.000000
id 8 mass 33.499031 vel1 419.574707 vel 2 361.517456 vel3 629.507568
id 2097160 mass 0.000000 vel1 0.000000 vel 2 0.000000 vel3 0.000000
id 9 mass 33.499031 vel1 582.454346 vel 2 225.851273 vel3 550.490845
id 2097161 mass 0.000000 vel1 0.000000 vel 2 0.000000 vel3 0.000000
id 10 mass 33.499031 vel1 563.484619 vel 2 97.485046 vel3 571.542847
id 2097162 mass 0.000000 vel1 0.000000 vel 2 0.000000 vel3 0.000000
id 11 mass 33.499031 vel1 -109.824631 vel 2 475.495819 vel3 580.624146
id 2097163 mass 0.000000 vel1 0.000000 vel 2 0.000000 vel3 0.000000
id 12 mass 33.499031 vel1 682.497559 vel 2 18.259590 vel3 513.942444
id 2097164 mass 0.000000 vel1 0.000000 vel 2 0.000000 vel3 0.000000
id 13 mass 33.499031 vel1 289.495605 vel 2 -517.531189 vel3 229.628265
id 2097165 mass 0.000000 vel1 0.000000 vel 2 0.000000 vel3 0.000000
id 14 mass 33.499031 vel1 -173.573502 vel 2 479.379333 vel3 522.230957
id 2097166 mass 0.000000 vel1 0.000000 vel 2 0.000000 vel3 0.000000
id 15 mass 33.499031 vel1 -24.104704 vel 2 466.357025 vel3 518.071045
id 2097167 mass 0.000000 vel1 0.000000 vel 2 0.000000 vel3 0.000000
id 16 mass 33.499031 vel1 -74.033127 vel 2 420.577576 vel3 611.133240
id 2097168 mass 0.000000 vel1 0.000000 vel 2 0.000000 vel3 0.000000
id 17 mass 33.499031 vel1 -195.564804 vel 2 425.346527 vel3 271.211060
id 2097169 mass 0.000000 vel1 0.000000 vel 2 0.000000 vel3 0.000000
id 18 mass 33.499031 vel1 -161.284531 vel 2 352.745880 vel3 330.761719
id 2097170 mass 0.000000 vel1 0.000000 vel 2 0.000000 vel3 0.000000
id 19 mass 33.499031 vel1 -221.297607 vel 2 398.867462 vel3 122.247055
id 2097171 mass 0.000000 vel1 0.000000 vel 2 0.000000 vel3 0.000000
particle number is 2097152 mass[1] = 33.499031 hubbleparam = 0.685800
Separating the simulation box into 128 grids...
reordering....
done.
space for particle ID freed
kbinsmin = 0.053619 kbinsmax = 2.334321
boxunitlength = 1562.500000
checkpoint4
mass = 33.499031 average value = 32.725992
mass2 = 33.499031 average value = 32.725992
look here
CLOCKS_PER_SEC = 1000000
duration = 247.000000
reading `/ds/rui/workspace/Gadget_output/Rui_twotypes-mnu003-xi010/m080-xi000/123456/snapshot_009' ...
allocating memory...
allocating memory...done
pc_new = 2097153
id 1 mass 33.792465 vel1 -239.375687 vel 2 381.570068 vel3 319.766144
id 2097153 mass 0.000000 vel1 0.000000 vel 2 0.000000 vel3 0.000000
id 2 mass 33.792465 vel1 -106.370193 vel 2 424.822021 vel3 512.965454
id 2097154 mass 0.000000 vel1 0.000000 vel 2 0.000000 vel3 0.000000
id 3 mass 33.792465 vel1 -222.609009 vel 2 339.452850 vel3 347.437744
id 2097155 mass 0.000000 vel1 0.000000 vel 2 0.000000 vel3 0.000000
id 4 mass 33.792465 vel1 -197.155258 vel 2 341.710358 vel3 299.142609
id 2097156 mass 0.000000 vel1 0.000000 vel 2 0.000000 vel3 0.000000
id 5 mass 33.792465 vel1 -54.506214 vel 2 435.604401 vel3 539.884277
id 2097157 mass 0.000000 vel1 0.000000 vel 2 0.000000 vel3 0.000000
id 6 mass 33.792465 vel1 628.368164 vel 2 431.172485 vel3 635.979858
id 2097158 mass 0.000000 vel1 0.000000 vel 2 0.000000 vel3 0.000000
id 7 mass 33.792465 vel1 -267.133392 vel 2 408.310425 vel3 569.900574
id 2097159 mass 0.000000 vel1 0.000000 vel 2 0.000000 vel3 0.000000
id 8 mass 33.792465 vel1 -317.037842 vel 2 345.943176 vel3 533.087646
id 2097160 mass 0.000000 vel1 0.000000 vel 2 0.000000 vel3 0.000000
id 9 mass 33.792465 vel1 -197.422241 vel 2 422.428284 vel3 466.320160
id 2097161 mass 0.000000 vel1 0.000000 vel 2 0.000000 vel3 0.000000
id 10 mass 33.792465 vel1 -191.543640 vel 2 441.189667 vel3 642.460754
id 2097162 mass 0.000000 vel1 0.000000 vel 2 0.000000 vel3 0.000000
id 11 mass 33.792465 vel1 -173.219452 vel 2 433.640015 vel3 505.890747
id 2097163 mass 0.000000 vel1 0.000000 vel 2 0.000000 vel3 0.000000
id 12 mass 33.792465 vel1 -78.124718 vel 2 458.950745 vel3 437.001221
id 2097164 mass 0.000000 vel1 0.000000 vel 2 0.000000 vel3 0.000000
id 13 mass 33.792465 vel1 -149.074829 vel 2 474.844269 vel3 511.753723
id 2097165 mass 0.000000 vel1 0.000000 vel 2 0.000000 vel3 0.000000
id 14 mass 33.792465 vel1 -216.376572 vel 2 368.084930 vel3 158.808380
id 2097166 mass 0.000000 vel1 0.000000 vel 2 0.000000 vel3 0.000000
id 15 mass 33.792465 vel1 -183.385162 vel 2 369.946106 vel3 101.458916
id 2097167 mass 0.000000 vel1 0.000000 vel 2 0.000000 vel3 0.000000
id 16 mass 33.792465 vel1 -158.146545 vel 2 412.167267 vel3 234.359909
id 2097168 mass 0.000000 vel1 0.000000 vel 2 0.000000 vel3 0.000000
id 17 mass 33.792465 vel1 -120.433975 vel 2 309.280853 vel3 300.879974
id 2097169 mass 0.000000 vel1 0.000000 vel 2 0.000000 vel3 0.000000
id 18 mass 33.792465 vel1 -152.545212 vel 2 350.642120 vel3 300.949493
id 2097170 mass 0.000000 vel1 0.000000 vel 2 0.000000 vel3 0.000000
id 19 mass 33.792465 vel1 -88.485992 vel 2 459.337036 vel3 514.821106
id 2097171 mass 0.000000 vel1 0.000000 vel 2 0.000000 vel3 0.000000
particle number is 2097152 mass[1] = 33.792465 hubbleparam = 0.686600
Separating the simulation box into 128 grids...
reordering....
done.
space for particle ID freed
kbinsmin = 0.053619 kbinsmax = 2.334321
boxunitlength = 1562.500000
checkpoint4
mass = 33.792465 average value = 33.012654
mass2 = 33.792465 average value = 33.012654
look here
CLOCKS_PER_SEC = 1000000
duration = 247.000000
reading `/ds/rui/workspace/Gadget_output/Rui_twotypes-mnu003-xi010/m100-xi000/123456/snapshot_009' ...
allocating memory...
allocating memory...done
pc_new = 2097153
id 1 mass 34.867649 vel1 -30.247858 vel 2 418.441528 vel3 518.577698
id 2097153 mass 0.000000 vel1 0.000000 vel 2 0.000000 vel3 0.000000
id 2 mass 34.867649 vel1 -76.899673 vel 2 404.113190 vel3 512.222656
id 2097154 mass 0.000000 vel1 0.000000 vel 2 0.000000 vel3 0.000000
id 3 mass 34.867649 vel1 -110.240334 vel 2 552.213501 vel3 504.109528
id 2097155 mass 0.000000 vel1 0.000000 vel 2 0.000000 vel3 0.000000
id 4 mass 34.867649 vel1 -171.419891 vel 2 302.428162 vel3 460.844208
id 2097156 mass 0.000000 vel1 0.000000 vel 2 0.000000 vel3 0.000000
id 5 mass 34.867649 vel1 -106.349716 vel 2 374.739594 vel3 470.292236
id 2097157 mass 0.000000 vel1 0.000000 vel 2 0.000000 vel3 0.000000
id 6 mass 34.867649 vel1 -303.831512 vel 2 448.014313 vel3 325.927979
id 2097158 mass 0.000000 vel1 0.000000 vel 2 0.000000 vel3 0.000000
id 7 mass 34.867649 vel1 -73.365105 vel 2 381.662781 vel3 484.417908
id 2097159 mass 0.000000 vel1 0.000000 vel 2 0.000000 vel3 0.000000
id 8 mass 34.867649 vel1 -232.325714 vel 2 461.200195 vel3 551.087891
id 2097160 mass 0.000000 vel1 0.000000 vel 2 0.000000 vel3 0.000000
id 9 mass 34.867649 vel1 -148.285324 vel 2 418.275360 vel3 471.359772
id 2097161 mass 0.000000 vel1 0.000000 vel 2 0.000000 vel3 0.000000
id 10 mass 34.867649 vel1 -47.066193 vel 2 449.014465 vel3 399.090973
id 2097162 mass 0.000000 vel1 0.000000 vel 2 0.000000 vel3 0.000000
id 11 mass 34.867649 vel1 -184.666901 vel 2 355.133881 vel3 143.291229
id 2097163 mass 0.000000 vel1 0.000000 vel 2 0.000000 vel3 0.000000
id 12 mass 34.867649 vel1 -137.902649 vel 2 418.106384 vel3 218.943802
id 2097164 mass 0.000000 vel1 0.000000 vel 2 0.000000 vel3 0.000000
id 13 mass 34.867649 vel1 -100.703331 vel 2 269.471619 vel3 279.676056
id 2097165 mass 0.000000 vel1 0.000000 vel 2 0.000000 vel3 0.000000
id 14 mass 34.867649 vel1 -63.491428 vel 2 435.533295 vel3 493.267914
id 2097166 mass 0.000000 vel1 0.000000 vel 2 0.000000 vel3 0.000000
id 15 mass 34.867649 vel1 -19.957441 vel 2 353.998688 vel3 501.190491
id 2097167 mass 0.000000 vel1 0.000000 vel 2 0.000000 vel3 0.000000
id 16 mass 34.867649 vel1 -130.942444 vel 2 467.392487 vel3 518.133667
id 2097168 mass 0.000000 vel1 0.000000 vel 2 0.000000 vel3 0.000000
id 17 mass 34.867649 vel1 -10.527939 vel 2 403.676331 vel3 429.267731
id 2097169 mass 0.000000 vel1 0.000000 vel 2 0.000000 vel3 0.000000
id 18 mass 34.867649 vel1 23.137363 vel 2 464.377350 vel3 549.406006
id 2097170 mass 0.000000 vel1 0.000000 vel 2 0.000000 vel3 0.000000
id 19 mass 34.867649 vel1 -117.787704 vel 2 314.033936 vel3 151.412903
id 2097171 mass 0.000000 vel1 0.000000 vel 2 0.000000 vel3 0.000000
particle number is 2097152 mass[1] = 34.867649 hubbleparam = 0.681800
Separating the simulation box into 128 grids...
reordering....
done.
space for particle ID freed
kbinsmin = 0.053619 kbinsmax = 2.334321
boxunitlength = 1562.500000
checkpoint4
mass = 34.867649 average value = 34.063027
mass2 = 34.867649 average value = 34.063027
look here
CLOCKS_PER_SEC = 1000000
duration = 246.000000
